-- WARNING  [py.warnings] -- /Users/alexrd/anaconda/envs/WESTPA-WExplore/lib/python2.7/site-packages/scipy/spatial/__init__.py:96: ImportWarning: Not importing directory '/Users/alexrd/anaconda/envs/WESTPA-WExplore/lib/python2.7/site-packages/scipy/spatial/qhull': missing __init__.py
  from .qhull import *

System is being built only off of the system driver
-- WARNING  [wex_plugin] -- Initializing bins from data failed; Using definition in system instead.
Maximum wallclock time: 7 days, 0:00:00

Tue Aug 27 17:41:54 2019
Iteration 1 (50 requested)
Beginning iteration 1
48 segments remain in iteration 1 (48 total)
1 of 1 (100.000000%) active bins are populated
per-bin minimum non-zero probability:       1
per-bin maximum probability:                1
per-bin probability dynamic range (kT):     0
per-segment minimum non-zero probability:   0.0208333
per-segment maximum non-zero probability:   0.0208333
per-segment probability dynamic range (kT): 0
norm = 1, error in norm = -1.11022e-16 (-0.5*epsilon)
--wexplore-stats--------------------
wallclock time: 0.045 s

Level 0: 1 cells (10 max)
Level 1: 1 cells (100 max)
Level 2: 2 cells (1000 max)
------------------------------------
-- WARNING  [py.warnings] -- /Users/alexrd/anaconda/envs/WESTPA-WExplore/lib/python2.7/site-packages/h5py/_hl/dataset.py:76: DeprecationWarning: numpy boolean negative, the `-` operator, is deprecated, use the `~` operator or the logical_not function instead.
  if isinstance(chunks, tuple) and (-numpy.array([ i>=j for i,j in zip(tmp_shape,chunks) if i is not None])).any():

Iteration wallclock: 0:01:58.111179, cputime: 0:13:14.861817


Tue Aug 27 17:43:52 2019
Iteration 2 (50 requested)
Beginning iteration 2
48 segments remain in iteration 2 (48 total)
2 of 2 (100.000000%) active bins are populated
per-bin minimum non-zero probability:       0.0208333
per-bin maximum probability:                0.979167
per-bin probability dynamic range (kT):     3.85015
per-segment minimum non-zero probability:   0.000868056
per-segment maximum non-zero probability:   0.0416667
per-segment probability dynamic range (kT): 3.8712
norm = 1, error in norm = -1.11022e-16 (-0.5*epsilon)
--wexplore-stats--------------------
wallclock time: 0.025 s

Level 0: 1 cells (10 max)
Level 1: 2 cells (100 max)
Level 2: 4 cells (1000 max)
------------------------------------
Iteration wallclock: 0:01:56.870142, cputime: 0:13:06.378254


Tue Aug 27 17:45:49 2019
Iteration 3 (50 requested)
Beginning iteration 3
48 segments remain in iteration 3 (48 total)
4 of 4 (100.000000%) active bins are populated
per-bin minimum non-zero probability:       0.0529514
per-bin maximum probability:                0.696181
per-bin probability dynamic range (kT):     2.57623
per-segment minimum non-zero probability:   0.00416667
per-segment maximum non-zero probability:   0.0833333
per-segment probability dynamic range (kT): 2.99573
norm = 1, error in norm = 0 (0*epsilon)
--wexplore-stats--------------------
wallclock time: 0.030 s

Level 0: 1 cells (10 max)
Level 1: 2 cells (100 max)
Level 2: 5 cells (1000 max)
------------------------------------
Iteration wallclock: 0:01:53.456931, cputime: 0:12:38.780723


Tue Aug 27 17:47:43 2019
Iteration 4 (50 requested)
Beginning iteration 4
48 segments remain in iteration 4 (48 total)
5 of 5 (100.000000%) active bins are populated
per-bin minimum non-zero probability:       0.0277778
per-bin maximum probability:                0.402778
per-bin probability dynamic range (kT):     2.67415
per-segment minimum non-zero probability:   0.00277778
per-segment maximum non-zero probability:   0.0555556
per-segment probability dynamic range (kT): 2.99573
norm = 1, error in norm = 0 (0*epsilon)
--wexplore-stats--------------------
wallclock time: 0.032 s

Level 0: 1 cells (10 max)
Level 1: 2 cells (100 max)
Level 2: 5 cells (1000 max)
------------------------------------
Iteration wallclock: 0:01:51.275963, cputime: 0:12:31.443004


Tue Aug 27 17:49:34 2019
Iteration 5 (50 requested)
Beginning iteration 5
48 segments remain in iteration 5 (48 total)
5 of 5 (100.000000%) active bins are populated
per-bin minimum non-zero probability:       0.0138889
per-bin maximum probability:                0.553993
per-bin probability dynamic range (kT):     3.68606
per-segment minimum non-zero probability:   0.00154321
per-segment maximum non-zero probability:   0.0833333
per-segment probability dynamic range (kT): 3.98898
norm = 1, error in norm = 0 (0*epsilon)
--wexplore-stats--------------------
wallclock time: 0.034 s

Level 0: 1 cells (10 max)
Level 1: 2 cells (100 max)
Level 2: 6 cells (1000 max)
------------------------------------
Iteration wallclock: 0:01:52.338300, cputime: 0:12:39.175688


Tue Aug 27 17:51:26 2019
Iteration 6 (50 requested)
Beginning iteration 6
48 segments remain in iteration 6 (48 total)
6 of 6 (100.000000%) active bins are populated
per-bin minimum non-zero probability:       0.00700231
per-bin maximum probability:                0.632176
per-bin probability dynamic range (kT):     4.50293
per-segment minimum non-zero probability:   0.000875289
per-segment maximum non-zero probability:   0.105382
per-segment probability dynamic range (kT): 4.79079
norm = 1, error in norm = 0 (0*epsilon)
--wexplore-stats--------------------
wallclock time: 0.037 s

Level 0: 1 cells (10 max)
Level 1: 2 cells (100 max)
Level 2: 6 cells (1000 max)
------------------------------------
Iteration wallclock: 0:01:52.551409, cputime: 0:12:38.001794


Tue Aug 27 17:53:19 2019
Iteration 7 (50 requested)
Beginning iteration 7
48 segments remain in iteration 7 (48 total)
5 of 5 (100.000000%) active bins are populated
per-bin minimum non-zero probability:       0.0256944
per-bin maximum probability:                0.559435
per-bin probability dynamic range (kT):     3.08065
per-segment minimum non-zero probability:   0.00208333
per-segment maximum non-zero probability:   0.0833333
per-segment probability dynamic range (kT): 3.68888
norm = 1, error in norm = 0 (0*epsilon)
--wexplore-stats--------------------
wallclock time: 0.029 s

Level 0: 1 cells (10 max)
Level 1: 2 cells (100 max)
Level 2: 6 cells (1000 max)
------------------------------------
Iteration wallclock: 0:01:52.817700, cputime: 0:12:38.192509


Tue Aug 27 17:55:12 2019
Iteration 8 (50 requested)
Beginning iteration 8
48 segments remain in iteration 8 (48 total)
5 of 5 (100.000000%) active bins are populated
per-bin minimum non-zero probability:       0.0166667
per-bin maximum probability:                0.353909
per-bin probability dynamic range (kT):     3.05563
per-segment minimum non-zero probability:   0.00138889
per-segment maximum non-zero probability:   0.0555556
per-segment probability dynamic range (kT): 3.68888
norm = 1, error in norm = 0 (0*epsilon)
--wexplore-stats--------------------
wallclock time: 0.030 s

Level 0: 1 cells (10 max)
Level 1: 2 cells (100 max)
Level 2: 8 cells (1000 max)
------------------------------------
Iteration wallclock: 0:01:54.250724, cputime: 0:12:35.798132


Tue Aug 27 17:57:06 2019
Iteration 9 (50 requested)
Beginning iteration 9
48 segments remain in iteration 9 (48 total)
7 of 7 (100.000000%) active bins are populated
per-bin minimum non-zero probability:       0.00208333
per-bin maximum probability:                0.433119
per-bin probability dynamic range (kT):     5.33704
per-segment minimum non-zero probability:   0.000260417
per-segment maximum non-zero probability:   0.0875
per-segment probability dynamic range (kT): 5.81711
norm = 1, error in norm = -1.11022e-16 (-0.5*epsilon)
--wexplore-stats--------------------
wallclock time: 0.033 s

Level 0: 1 cells (10 max)
Level 1: 2 cells (100 max)
Level 2: 8 cells (1000 max)
------------------------------------
Iteration wallclock: 0:01:53.098425, cputime: 0:12:41.970852


Tue Aug 27 17:58:59 2019
Iteration 10 (50 requested)
Beginning iteration 10
48 segments remain in iteration 10 (48 total)
7 of 7 (100.000000%) active bins are populated
per-bin minimum non-zero probability:       0.00439091
per-bin maximum probability:                0.394939
per-bin probability dynamic range (kT):     4.49919
per-segment minimum non-zero probability:   0.000627273
per-segment maximum non-zero probability:   0.0875
per-segment probability dynamic range (kT): 4.93801
norm = 1, error in norm = 0 (0*epsilon)
--wexplore-stats--------------------
wallclock time: 0.039 s

Level 0: 1 cells (10 max)
Level 1: 2 cells (100 max)
Level 2: 9 cells (1000 max)
------------------------------------
Iteration wallclock: 0:01:52.657852, cputime: 0:12:34.456895


Tue Aug 27 18:00:52 2019
Iteration 11 (50 requested)
Beginning iteration 11
48 segments remain in iteration 11 (48 total)
6 of 6 (100.000000%) active bins are populated
per-bin minimum non-zero probability:       0.0274213
per-bin maximum probability:                0.307475
per-bin probability dynamic range (kT):     2.41708
per-segment minimum non-zero probability:   0.00292245
per-segment maximum non-zero probability:   0.0521219
per-segment probability dynamic range (kT): 2.88116
norm = 1, error in norm = 0 (0*epsilon)
--wexplore-stats--------------------
wallclock time: 0.042 s

Level 0: 1 cells (10 max)
Level 1: 3 cells (100 max)
Level 2: 10 cells (1000 max)
------------------------------------
Iteration wallclock: 0:01:53.122972, cputime: 0:12:37.015917


Tue Aug 27 18:02:45 2019
Iteration 12 (50 requested)
Beginning iteration 12
48 segments remain in iteration 12 (48 total)
7 of 7 (100.000000%) active bins are populated
per-bin minimum non-zero probability:       0.00292245
per-bin maximum probability:                0.401526
per-bin probability dynamic range (kT):     4.92285
per-segment minimum non-zero probability:   0.000487076
per-segment maximum non-zero probability:   0.0763889
per-segment probability dynamic range (kT): 5.05517
norm = 1, error in norm = 0 (0*epsilon)
--wexplore-stats--------------------
wallclock time: 0.047 s

Level 0: 1 cells (10 max)
Level 1: 3 cells (100 max)
Level 2: 11 cells (1000 max)
------------------------------------
Iteration wallclock: 0:01:50.794256, cputime: 0:12:33.689486


Tue Aug 27 18:04:36 2019
Iteration 13 (50 requested)
Beginning iteration 13
48 segments remain in iteration 13 (48 total)
7 of 7 (100.000000%) active bins are populated
per-bin minimum non-zero probability:       0.00320856
per-bin maximum probability:                0.385044
per-bin probability dynamic range (kT):     4.78754
per-segment minimum non-zero probability:   0.000356506
per-segment maximum non-zero probability:   0.0763889
per-segment probability dynamic range (kT): 5.36724
norm = 1, error in norm = 0 (0*epsilon)
--wexplore-stats--------------------
wallclock time: 0.045 s

Level 0: 1 cells (10 max)
Level 1: 3 cells (100 max)
Level 2: 12 cells (1000 max)
------------------------------------
Iteration wallclock: 0:01:51.595492, cputime: 0:12:33.888875


Tue Aug 27 18:06:27 2019
Iteration 14 (50 requested)
Beginning iteration 14
48 segments remain in iteration 14 (48 total)
8 of 8 (100.000000%) active bins are populated
per-bin minimum non-zero probability:       0.00142603
per-bin maximum probability:                0.450861
per-bin probability dynamic range (kT):     5.75627
per-segment minimum non-zero probability:   0.000213904
per-segment maximum non-zero probability:   0.100477
per-segment probability dynamic range (kT): 6.15216
norm = 1, error in norm = 0 (0*epsilon)
--wexplore-stats--------------------
wallclock time: 0.039 s

Level 0: 1 cells (10 max)
Level 1: 4 cells (100 max)
Level 2: 12 cells (1000 max)
------------------------------------
Iteration wallclock: 0:01:52.022053, cputime: 0:12:36.155955


Tue Aug 27 18:08:19 2019
Iteration 15 (50 requested)
Beginning iteration 15
48 segments remain in iteration 15 (48 total)
9 of 9 (100.000000%) active bins are populated
per-bin minimum non-zero probability:       0.000641712
per-bin maximum probability:                0.423533
per-bin probability dynamic range (kT):     6.49225
per-segment minimum non-zero probability:   0.000106952
per-segment maximum non-zero probability:   0.100477
per-segment probability dynamic range (kT): 6.84531
norm = 1, error in norm = 0 (0*epsilon)
--wexplore-stats--------------------
wallclock time: 0.048 s

Level 0: 1 cells (10 max)
Level 1: 4 cells (100 max)
Level 2: 14 cells (1000 max)
------------------------------------
Iteration wallclock: 0:01:52.590313, cputime: 0:12:37.040552


Tue Aug 27 18:10:12 2019
Iteration 16 (50 requested)
Beginning iteration 16
48 segments remain in iteration 16 (48 total)
11 of 11 (100.000000%) active bins are populated
per-bin minimum non-zero probability:       0.000213904
per-bin maximum probability:                0.466379
per-bin probability dynamic range (kT):     7.68723
per-segment minimum non-zero probability:   3.56506e-05
per-segment maximum non-zero probability:   0.165181
per-segment probability dynamic range (kT): 8.44103
norm = 1, error in norm = -1.11022e-16 (-0.5*epsilon)
--wexplore-stats--------------------
wallclock time: 0.056 s

Level 0: 2 cells (10 max)
Level 1: 5 cells (100 max)
Level 2: 16 cells (1000 max)
------------------------------------
Iteration wallclock: 0:01:51.650456, cputime: 0:12:32.591659


Tue Aug 27 18:12:03 2019
Iteration 17 (50 requested)
Beginning iteration 17
48 segments remain in iteration 17 (48 total)
11 of 11 (100.000000%) active bins are populated
per-bin minimum non-zero probability:       0.000285205
per-bin maximum probability:                0.573522
per-bin probability dynamic range (kT):     7.60634
per-segment minimum non-zero probability:   5.3476e-05
per-segment maximum non-zero probability:   0.162764
per-segment probability dynamic range (kT): 8.02082
norm = 1, error in norm = 0 (0*epsilon)
--wexplore-stats--------------------
wallclock time: 0.076 s

Level 0: 2 cells (10 max)
Level 1: 7 cells (100 max)
Level 2: 19 cells (1000 max)
------------------------------------
Iteration wallclock: 0:01:53.709414, cputime: 0:12:33.879912


Tue Aug 27 18:13:57 2019
Iteration 18 (50 requested)
Beginning iteration 18
48 segments remain in iteration 18 (48 total)
12 of 12 (100.000000%) active bins are populated
per-bin minimum non-zero probability:       0.000159685
per-bin maximum probability:                0.337771
per-bin probability dynamic range (kT):     7.65692
per-segment minimum non-zero probability:   3.99213e-05
per-segment maximum non-zero probability:   0.108303
per-segment probability dynamic range (kT): 7.90578
norm = 1, error in norm = -1.11022e-16 (-0.5*epsilon)
--wexplore-stats--------------------
wallclock time: 0.077 s

Level 0: 3 cells (10 max)
Level 1: 9 cells (100 max)
Level 2: 23 cells (1000 max)
------------------------------------
Iteration wallclock: 0:01:52.621692, cputime: 0:12:35.179998


Tue Aug 27 18:15:50 2019
Iteration 19 (50 requested)
Beginning iteration 19
48 segments remain in iteration 19 (48 total)
15 of 15 (100.000000%) active bins are populated
per-bin minimum non-zero probability:       4.45633e-05
per-bin maximum probability:                0.342049
per-bin probability dynamic range (kT):     8.9458
per-segment minimum non-zero probability:   1.48544e-05
per-segment maximum non-zero probability:   0.161651
per-segment probability dynamic range (kT): 9.2949
norm = 1, error in norm = -1.11022e-16 (-0.5*epsilon)
--wexplore-stats--------------------
wallclock time: 0.100 s

Level 0: 4 cells (10 max)
Level 1: 13 cells (100 max)
Level 2: 32 cells (1000 max)
------------------------------------
Iteration wallclock: 0:01:51.172703, cputime: 0:12:34.222154


Tue Aug 27 18:17:41 2019
Iteration 20 (50 requested)
Beginning iteration 20
48 segments remain in iteration 20 (48 total)
23 of 23 (100.000000%) active bins are populated
per-bin minimum non-zero probability:       1.48544e-05
per-bin maximum probability:                0.488527
per-bin probability dynamic range (kT):     10.4009
per-segment minimum non-zero probability:   7.42722e-06
per-segment maximum non-zero probability:   0.254068
per-segment probability dynamic range (kT): 10.4402
norm = 1, error in norm = -1.11022e-16 (-0.5*epsilon)
--wexplore-stats--------------------
wallclock time: 0.105 s

Level 0: 5 cells (10 max)
Level 1: 17 cells (100 max)
Level 2: 40 cells (1000 max)
------------------------------------
Iteration wallclock: 0:01:52.719533, cputime: 0:12:37.253198


Tue Aug 27 18:19:34 2019
Iteration 21 (50 requested)
Beginning iteration 21
48 segments remain in iteration 21 (48 total)
26 of 26 (100.000000%) active bins are populated
per-bin minimum non-zero probability:       7.42722e-06
per-bin maximum probability:                0.494451
per-bin probability dynamic range (kT):     11.1061
per-segment minimum non-zero probability:   3.71361e-06
per-segment maximum non-zero probability:   0.254068
per-segment probability dynamic range (kT): 11.1334
norm = 1, error in norm = 0 (0*epsilon)
--wexplore-stats--------------------
wallclock time: 0.120 s

Level 0: 6 cells (10 max)
Level 1: 19 cells (100 max)
Level 2: 44 cells (1000 max)
------------------------------------
Iteration wallclock: 0:01:54.332659, cputime: 0:12:42.470349


Tue Aug 27 18:21:28 2019
Iteration 22 (50 requested)
Beginning iteration 22
48 segments remain in iteration 22 (48 total)
25 of 25 (100.000000%) active bins are populated
per-bin minimum non-zero probability:       3.71361e-06
per-bin maximum probability:                0.472291
per-bin probability dynamic range (kT):     11.7533
per-segment minimum non-zero probability:   3.71361e-06
per-segment maximum non-zero probability:   0.254068
per-segment probability dynamic range (kT): 11.1334
norm = 1, error in norm = 0 (0*epsilon)
--wexplore-stats--------------------
wallclock time: 0.141 s

Level 0: 7 cells (10 max)
Level 1: 25 cells (100 max)
Level 2: 54 cells (1000 max)
------------------------------------
Iteration wallclock: 0:01:53.276791, cputime: 0:12:39.368735


Tue Aug 27 18:23:21 2019
Iteration 23 (50 requested)
Beginning iteration 23
48 segments remain in iteration 23 (48 total)
29 of 29 (100.000000%) active bins are populated
per-bin minimum non-zero probability:       3.71361e-06
per-bin maximum probability:                0.69312
per-bin probability dynamic range (kT):     12.137
per-segment minimum non-zero probability:   2.78521e-06
per-segment maximum non-zero probability:   0.452737
per-segment probability dynamic range (kT): 11.9987
norm = 1, error in norm = -2.22045e-16 (-1*epsilon)
--wexplore-stats--------------------
wallclock time: 0.150 s

Level 0: 8 cells (10 max)
Level 1: 31 cells (100 max)
Level 2: 65 cells (1000 max)
------------------------------------
Iteration wallclock: 0:01:53.306617, cputime: 0:12:40.629772


Tue Aug 27 18:25:15 2019
Iteration 24 (50 requested)
Beginning iteration 24
48 segments remain in iteration 24 (48 total)
30 of 30 (100.000000%) active bins are populated
per-bin minimum non-zero probability:       2.78521e-06
per-bin maximum probability:                0.706805
per-bin probability dynamic range (kT):     12.4442
per-segment minimum non-zero probability:   1.3926e-06
per-segment maximum non-zero probability:   0.452737
per-segment probability dynamic range (kT): 12.6919
norm = 1, error in norm = 0 (0*epsilon)
--wexplore-stats--------------------
wallclock time: 0.216 s

Level 0: 9 cells (10 max)
Level 1: 37 cells (100 max)
Level 2: 74 cells (1000 max)
------------------------------------
Iteration wallclock: 0:01:54.296912, cputime: 0:12:38.406246


Tue Aug 27 18:27:09 2019
Iteration 25 (50 requested)
Beginning iteration 25
48 segments remain in iteration 25 (48 total)
30 of 30 (100.000000%) active bins are populated
per-bin minimum non-zero probability:       1.8568e-06
per-bin maximum probability:                0.500731
per-bin probability dynamic range (kT):     12.505
per-segment minimum non-zero probability:   1.8568e-06
per-segment maximum non-zero probability:   0.452737
per-segment probability dynamic range (kT): 12.4042
norm = 1, error in norm = 0 (0*epsilon)
--wexplore-stats--------------------
wallclock time: 0.165 s

Level 0: 10 cells (10 max)
Level 1: 39 cells (100 max)
Level 2: 78 cells (1000 max)
------------------------------------
Iteration wallclock: 0:01:55.202741, cputime: 0:12:37.003220


Tue Aug 27 18:29:04 2019
Iteration 26 (50 requested)
Beginning iteration 26
48 segments remain in iteration 26 (48 total)
25 of 25 (100.000000%) active bins are populated
per-bin minimum non-zero probability:       1.8568e-06
per-bin maximum probability:                0.706979
per-bin probability dynamic range (kT):     12.8499
per-segment minimum non-zero probability:   9.28402e-07
per-segment maximum non-zero probability:   0.452737
per-segment probability dynamic range (kT): 13.0974
norm = 1, error in norm = 0 (0*epsilon)
--wexplore-stats--------------------
wallclock time: 0.199 s

Level 0: 10 cells (10 max)
Level 1: 46 cells (100 max)
Level 2: 88 cells (1000 max)
------------------------------------
Iteration wallclock: 0:01:53.469174, cputime: 0:12:35.063663


Tue Aug 27 18:30:58 2019
Iteration 27 (50 requested)
Beginning iteration 27
48 segments remain in iteration 27 (48 total)
30 of 30 (100.000000%) active bins are populated
per-bin minimum non-zero probability:       9.28402e-07
per-bin maximum probability:                0.453073
per-bin probability dynamic range (kT):     13.0981
per-segment minimum non-zero probability:   4.64201e-07
per-segment maximum non-zero probability:   0.452737
per-segment probability dynamic range (kT): 13.7905
norm = 1, error in norm = 0 (0*epsilon)
--wexplore-stats--------------------
wallclock time: 0.192 s

Level 0: 10 cells (10 max)
Level 1: 53 cells (100 max)
Level 2: 100 cells (1000 max)
------------------------------------
Iteration wallclock: 0:01:51.032325, cputime: 0:12:32.595641


Tue Aug 27 18:32:49 2019
Iteration 28 (50 requested)
Beginning iteration 28
48 segments remain in iteration 28 (48 total)
33 of 33 (100.000000%) active bins are populated
per-bin minimum non-zero probability:       4.64201e-07
per-bin maximum probability:                0.768645
per-bin probability dynamic range (kT):     14.3198
per-segment minimum non-zero probability:   2.32101e-07
per-segment maximum non-zero probability:   0.452737
per-segment probability dynamic range (kT): 14.4837
norm = 1, error in norm = 0 (0*epsilon)
--wexplore-stats--------------------
wallclock time: 0.210 s

Level 0: 10 cells (10 max)
Level 1: 58 cells (100 max)
Level 2: 116 cells (1000 max)
------------------------------------
Iteration wallclock: 0:01:53.513672, cputime: 0:12:39.224990


Tue Aug 27 18:34:42 2019
Iteration 29 (50 requested)
Beginning iteration 29
48 segments remain in iteration 29 (48 total)
32 of 32 (100.000000%) active bins are populated
per-bin minimum non-zero probability:       2.32101e-07
per-bin maximum probability:                0.619221
per-bin probability dynamic range (kT):     14.7968
per-segment minimum non-zero probability:   2.32101e-07
per-segment maximum non-zero probability:   0.452737
per-segment probability dynamic range (kT): 14.4837
norm = 1, error in norm = -1.11022e-16 (-0.5*epsilon)
--wexplore-stats--------------------
wallclock time: 0.239 s

Level 0: 10 cells (10 max)
Level 1: 64 cells (100 max)
Level 2: 133 cells (1000 max)
------------------------------------
Iteration wallclock: 0:01:53.333819, cputime: 0:12:39.870955


Tue Aug 27 18:36:35 2019
Iteration 30 (50 requested)
Beginning iteration 30
48 segments remain in iteration 30 (48 total)
37 of 37 (100.000000%) active bins are populated
per-bin minimum non-zero probability:       2.32101e-07
per-bin maximum probability:                0.681061
per-bin probability dynamic range (kT):     14.892
per-segment minimum non-zero probability:   2.32101e-07
per-segment maximum non-zero probability:   0.452737
per-segment probability dynamic range (kT): 14.4837
norm = 1, error in norm = -1.11022e-16 (-0.5*epsilon)
--wexplore-stats--------------------
wallclock time: 0.299 s

Level 0: 10 cells (10 max)
Level 1: 71 cells (100 max)
Level 2: 149 cells (1000 max)
------------------------------------
Iteration wallclock: 0:01:53.974981, cputime: 0:12:38.749297


Tue Aug 27 18:38:29 2019
Iteration 31 (50 requested)
Beginning iteration 31
48 segments remain in iteration 31 (48 total)
40 of 40 (100.000000%) active bins are populated
per-bin minimum non-zero probability:       2.32101e-07
per-bin maximum probability:                0.452759
per-bin probability dynamic range (kT):     14.4837
per-segment minimum non-zero probability:   2.32101e-07
per-segment maximum non-zero probability:   0.452737
per-segment probability dynamic range (kT): 14.4837
norm = 1, error in norm = 0 (0*epsilon)
--wexplore-stats--------------------
wallclock time: 0.283 s

Level 0: 10 cells (10 max)
Level 1: 77 cells (100 max)
Level 2: 164 cells (1000 max)
------------------------------------
Iteration wallclock: 0:01:52.707557, cputime: 0:12:34.789898


Tue Aug 27 18:40:22 2019
Iteration 32 (50 requested)
Beginning iteration 32
48 segments remain in iteration 32 (48 total)
39 of 39 (100.000000%) active bins are populated
per-bin minimum non-zero probability:       2.32101e-07
per-bin maximum probability:                0.465255
per-bin probability dynamic range (kT):     14.5109
per-segment minimum non-zero probability:   2.32101e-07
per-segment maximum non-zero probability:   0.272116
per-segment probability dynamic range (kT): 13.9746
norm = 1, error in norm = -1.11022e-16 (-0.5*epsilon)
--wexplore-stats--------------------
wallclock time: 0.313 s

Level 0: 10 cells (10 max)
Level 1: 83 cells (100 max)
Level 2: 175 cells (1000 max)
------------------------------------
Iteration wallclock: 0:01:53.184646, cputime: 0:12:38.724784


Tue Aug 27 18:42:15 2019
Iteration 33 (50 requested)
Beginning iteration 33
48 segments remain in iteration 33 (48 total)
32 of 32 (100.000000%) active bins are populated
per-bin minimum non-zero probability:       4.64201e-07
per-bin maximum probability:                0.691623
per-bin probability dynamic range (kT):     14.2142
per-segment minimum non-zero probability:   4.64201e-07
per-segment maximum non-zero probability:   0.419507
per-segment probability dynamic range (kT): 13.7143
norm = 1, error in norm = -1.11022e-16 (-0.5*epsilon)
--wexplore-stats--------------------
wallclock time: 0.276 s

Level 0: 10 cells (10 max)
Level 1: 87 cells (100 max)
Level 2: 183 cells (1000 max)
------------------------------------
Iteration wallclock: 0:01:53.221136, cputime: 0:12:36.561191


Tue Aug 27 18:44:09 2019
Iteration 34 (50 requested)
Beginning iteration 34
48 segments remain in iteration 34 (48 total)
32 of 32 (100.000000%) active bins are populated
per-bin minimum non-zero probability:       4.64201e-07
per-bin maximum probability:                0.691623
per-bin probability dynamic range (kT):     14.2142
per-segment minimum non-zero probability:   2.32101e-07
per-segment maximum non-zero probability:   0.419507
per-segment probability dynamic range (kT): 14.4074
norm = 1, error in norm = 0 (0*epsilon)
--wexplore-stats--------------------
wallclock time: 0.300 s

Level 0: 10 cells (10 max)
Level 1: 89 cells (100 max)
Level 2: 199 cells (1000 max)
------------------------------------
Iteration wallclock: 0:01:53.264774, cputime: 0:12:30.767526


Tue Aug 27 18:46:02 2019
Iteration 35 (50 requested)
Beginning iteration 35
48 segments remain in iteration 35 (48 total)
34 of 34 (100.000000%) active bins are populated
per-bin minimum non-zero probability:       2.32101e-07
per-bin maximum probability:                0.748215
per-bin probability dynamic range (kT):     14.986
per-segment minimum non-zero probability:   2.32101e-07
per-segment maximum non-zero probability:   0.419507
per-segment probability dynamic range (kT): 14.4074
norm = 1, error in norm = -1.11022e-16 (-0.5*epsilon)
--wexplore-stats--------------------
wallclock time: 0.309 s

Level 0: 10 cells (10 max)
Level 1: 93 cells (100 max)
Level 2: 211 cells (1000 max)
------------------------------------
Iteration wallclock: 0:01:52.899508, cputime: 0:12:38.713727


Tue Aug 27 18:47:55 2019
Iteration 36 (50 requested)
Beginning iteration 36
48 segments remain in iteration 36 (48 total)
33 of 33 (100.000000%) active bins are populated
per-bin minimum non-zero probability:       2.32101e-07
per-bin maximum probability:                0.419507
per-bin probability dynamic range (kT):     14.4074
per-segment minimum non-zero probability:   1.1605e-07
per-segment maximum non-zero probability:   0.209754
per-segment probability dynamic range (kT): 14.4074
norm = 1, error in norm = 0 (0*epsilon)
--wexplore-stats--------------------
wallclock time: 0.365 s

Level 0: 10 cells (10 max)
Level 1: 95 cells (100 max)
Level 2: 226 cells (1000 max)
------------------------------------
Iteration wallclock: 0:01:52.550651, cputime: 0:12:32.833286


Tue Aug 27 18:49:47 2019
Iteration 37 (50 requested)
Beginning iteration 37
48 segments remain in iteration 37 (48 total)
37 of 37 (100.000000%) active bins are populated
per-bin minimum non-zero probability:       1.1605e-07
per-bin maximum probability:                0.419507
per-bin probability dynamic range (kT):     15.1006
per-segment minimum non-zero probability:   1.1605e-07
per-segment maximum non-zero probability:   0.209754
per-segment probability dynamic range (kT): 14.4074
norm = 1, error in norm = 0 (0*epsilon)
--wexplore-stats--------------------
wallclock time: 0.371 s

Level 0: 10 cells (10 max)
Level 1: 96 cells (100 max)
Level 2: 240 cells (1000 max)
------------------------------------
Iteration wallclock: 0:01:52.873224, cputime: 0:12:33.901277


Tue Aug 27 18:51:40 2019
Iteration 38 (50 requested)
Beginning iteration 38
48 segments remain in iteration 38 (48 total)
40 of 40 (100.000000%) active bins are populated
per-bin minimum non-zero probability:       1.1605e-07
per-bin maximum probability:                0.413459
per-bin probability dynamic range (kT):     15.086
per-segment minimum non-zero probability:   1.1605e-07
per-segment maximum non-zero probability:   0.249105
per-segment probability dynamic range (kT): 14.5794
norm = 1, error in norm = 0 (0*epsilon)
--wexplore-stats--------------------
wallclock time: 0.378 s

Level 0: 10 cells (10 max)
Level 1: 97 cells (100 max)
Level 2: 258 cells (1000 max)
------------------------------------
Iteration wallclock: 0:01:53.392180, cputime: 0:12:39.145374


Tue Aug 27 18:53:34 2019
Iteration 39 (50 requested)
Beginning iteration 39
48 segments remain in iteration 39 (48 total)
36 of 36 (100.000000%) active bins are populated
per-bin minimum non-zero probability:       1.1605e-07
per-bin maximum probability:                0.495636
per-bin probability dynamic range (kT):     15.2673
per-segment minimum non-zero probability:   1.1605e-07
per-segment maximum non-zero probability:   0.249105
per-segment probability dynamic range (kT): 14.5794
norm = 1, error in norm = 0 (0*epsilon)
--wexplore-stats--------------------
wallclock time: 0.385 s

Level 0: 10 cells (10 max)
Level 1: 99 cells (100 max)
Level 2: 274 cells (1000 max)
------------------------------------
Iteration wallclock: 0:01:53.637150, cputime: 0:12:38.676258


Tue Aug 27 18:55:27 2019
Iteration 40 (50 requested)
Beginning iteration 40
48 segments remain in iteration 40 (48 total)
40 of 40 (100.000000%) active bins are populated
per-bin minimum non-zero probability:       1.1605e-07
per-bin maximum probability:                0.548075
per-bin probability dynamic range (kT):     15.3679
per-segment minimum non-zero probability:   1.1605e-07
per-segment maximum non-zero probability:   0.298969
per-segment probability dynamic range (kT): 14.7618
norm = 1, error in norm = 0 (0*epsilon)
--wexplore-stats--------------------
wallclock time: 0.423 s

Level 0: 10 cells (10 max)
Level 1: 100 cells (100 max)
Level 2: 288 cells (1000 max)
------------------------------------
Iteration wallclock: 0:01:54.892795, cputime: 0:12:37.494166


Tue Aug 27 18:57:22 2019
Iteration 41 (50 requested)
Beginning iteration 41
48 segments remain in iteration 41 (48 total)
36 of 36 (100.000000%) active bins are populated
per-bin minimum non-zero probability:       1.1605e-07
per-bin maximum probability:                0.396808
per-bin probability dynamic range (kT):     15.0449
per-segment minimum non-zero probability:   1.1605e-07
per-segment maximum non-zero probability:   0.298969
per-segment probability dynamic range (kT): 14.7618
norm = 1, error in norm = 0 (0*epsilon)
--wexplore-stats--------------------
wallclock time: 0.397 s

Level 0: 10 cells (10 max)
Level 1: 100 cells (100 max)
Level 2: 305 cells (1000 max)
------------------------------------
Iteration wallclock: 0:01:53.161172, cputime: 0:12:34.534450


Tue Aug 27 18:59:15 2019
Iteration 42 (50 requested)
Beginning iteration 42
48 segments remain in iteration 42 (48 total)
37 of 37 (100.000000%) active bins are populated
per-bin minimum non-zero probability:       1.1605e-07
per-bin maximum probability:                0.396808
per-bin probability dynamic range (kT):     15.0449
per-segment minimum non-zero probability:   5.80251e-08
per-segment maximum non-zero probability:   0.298969
per-segment probability dynamic range (kT): 15.455
norm = 1, error in norm = 0 (0*epsilon)
--wexplore-stats--------------------
wallclock time: 0.419 s

Level 0: 10 cells (10 max)
Level 1: 100 cells (100 max)
Level 2: 324 cells (1000 max)
------------------------------------
Iteration wallclock: 0:01:54.412640, cputime: 0:12:35.430826


Tue Aug 27 19:01:10 2019
Iteration 43 (50 requested)
Beginning iteration 43
48 segments remain in iteration 43 (48 total)
39 of 39 (100.000000%) active bins are populated
per-bin minimum non-zero probability:       5.80251e-08
per-bin maximum probability:                0.695777
per-bin probability dynamic range (kT):     16.2997
per-segment minimum non-zero probability:   5.80251e-08
per-segment maximum non-zero probability:   0.396808
per-segment probability dynamic range (kT): 15.7381
norm = 1, error in norm = 0 (0*epsilon)
--wexplore-stats--------------------
wallclock time: 0.450 s

Level 0: 10 cells (10 max)
Level 1: 100 cells (100 max)
Level 2: 340 cells (1000 max)
------------------------------------
Iteration wallclock: 0:01:54.494299, cputime: 0:12:45.896974


Tue Aug 27 19:03:04 2019
Iteration 44 (50 requested)
Beginning iteration 44
48 segments remain in iteration 44 (48 total)
40 of 40 (100.000000%) active bins are populated
per-bin minimum non-zero probability:       5.80251e-08
per-bin maximum probability:                0.52136
per-bin probability dynamic range (kT):     16.0111
per-segment minimum non-zero probability:   5.80251e-08
per-segment maximum non-zero probability:   0.396808
per-segment probability dynamic range (kT): 15.7381
norm = 1, error in norm = 0 (0*epsilon)
--wexplore-stats--------------------
wallclock time: 0.459 s

Level 0: 10 cells (10 max)
Level 1: 100 cells (100 max)
Level 2: 352 cells (1000 max)
------------------------------------
Iteration wallclock: 0:01:54.727326, cputime: 0:12:49.585360


Tue Aug 27 19:04:59 2019
Iteration 45 (50 requested)
Beginning iteration 45
48 segments remain in iteration 45 (48 total)
43 of 43 (100.000000%) active bins are populated
per-bin minimum non-zero probability:       5.80251e-08
per-bin maximum probability:                0.573991
per-bin probability dynamic range (kT):     16.1072
per-segment minimum non-zero probability:   5.80251e-08
per-segment maximum non-zero probability:   0.396808
per-segment probability dynamic range (kT): 15.7381
norm = 1, error in norm = -1.11022e-16 (-0.5*epsilon)
--wexplore-stats--------------------
wallclock time: 0.456 s

Level 0: 10 cells (10 max)
Level 1: 100 cells (100 max)
Level 2: 364 cells (1000 max)
------------------------------------
Iteration wallclock: 0:01:51.258417, cputime: 0:12:31.841916


Tue Aug 27 19:06:50 2019
Iteration 46 (50 requested)
Beginning iteration 46
48 segments remain in iteration 46 (48 total)
38 of 38 (100.000000%) active bins are populated
per-bin minimum non-zero probability:       5.80251e-08
per-bin maximum probability:                0.648733
per-bin probability dynamic range (kT):     16.2297
per-segment minimum non-zero probability:   5.80251e-08
per-segment maximum non-zero probability:   0.396808
per-segment probability dynamic range (kT): 15.7381
norm = 1, error in norm = 0 (0*epsilon)
--wexplore-stats--------------------
wallclock time: 0.517 s

Level 0: 10 cells (10 max)
Level 1: 100 cells (100 max)
Level 2: 376 cells (1000 max)
------------------------------------
Iteration wallclock: 0:01:55.515059, cputime: 0:12:37.060325


Tue Aug 27 19:08:46 2019
Iteration 47 (50 requested)
Beginning iteration 47
48 segments remain in iteration 47 (48 total)
40 of 40 (100.000000%) active bins are populated
per-bin minimum non-zero probability:       5.80251e-08
per-bin maximum probability:                0.434179
per-bin probability dynamic range (kT):     15.8281
per-segment minimum non-zero probability:   5.80251e-08
per-segment maximum non-zero probability:   0.396808
per-segment probability dynamic range (kT): 15.7381
norm = 1, error in norm = 0 (0*epsilon)
--wexplore-stats--------------------
wallclock time: 0.478 s

Level 0: 10 cells (10 max)
Level 1: 100 cells (100 max)
Level 2: 390 cells (1000 max)
------------------------------------
Iteration wallclock: 0:01:55.167121, cputime: 0:12:37.002253


Tue Aug 27 19:10:41 2019
Iteration 48 (50 requested)
Beginning iteration 48
48 segments remain in iteration 48 (48 total)
39 of 39 (100.000000%) active bins are populated
per-bin minimum non-zero probability:       5.80251e-08
per-bin maximum probability:                0.525986
per-bin probability dynamic range (kT):     16.0199
per-segment minimum non-zero probability:   5.80251e-08
per-segment maximum non-zero probability:   0.396808
per-segment probability dynamic range (kT): 15.7381
norm = 1, error in norm = 0 (0*epsilon)
--wexplore-stats--------------------
wallclock time: 0.478 s

Level 0: 10 cells (10 max)
Level 1: 100 cells (100 max)
Level 2: 404 cells (1000 max)
------------------------------------
Iteration wallclock: 0:01:55.199498, cputime: 0:12:35.334980


Tue Aug 27 19:12:36 2019
Iteration 49 (50 requested)
Beginning iteration 49
48 segments remain in iteration 49 (48 total)
36 of 36 (100.000000%) active bins are populated
per-bin minimum non-zero probability:       5.80251e-08
per-bin maximum probability:                0.434233
per-bin probability dynamic range (kT):     15.8282
per-segment minimum non-zero probability:   2.90126e-08
per-segment maximum non-zero probability:   0.396808
per-segment probability dynamic range (kT): 16.4312
norm = 1, error in norm = 0 (0*epsilon)
--wexplore-stats--------------------
wallclock time: 0.471 s

Level 0: 10 cells (10 max)
Level 1: 100 cells (100 max)
Level 2: 412 cells (1000 max)
------------------------------------
Iteration wallclock: 0:01:52.072611, cputime: 0:12:33.942485


Tue Aug 27 19:14:28 2019
Iteration 50 (50 requested)
Beginning iteration 50
48 segments remain in iteration 50 (48 total)
40 of 40 (100.000000%) active bins are populated
per-bin minimum non-zero probability:       2.90126e-08
per-bin maximum probability:                0.437449
per-bin probability dynamic range (kT):     16.5287
per-segment minimum non-zero probability:   2.90126e-08
per-segment maximum non-zero probability:   0.396808
per-segment probability dynamic range (kT): 16.4312
norm = 1, error in norm = 0 (0*epsilon)
--wexplore-stats--------------------
wallclock time: 0.510 s

Level 0: 10 cells (10 max)
Level 1: 100 cells (100 max)
Level 2: 424 cells (1000 max)
------------------------------------
Iteration wallclock: 0:01:52.292741, cputime: 0:12:35.742392


Tue Aug 27 19:16:21 2019
WEST run complete.
